{"status":"success","data":[
	{
		"id": 1,
		"state": "Created"
	},
	{
		"id": 2,
		"state": "Verified"
	},
	{
		"id": 3,
		"state": "In Progress"
	},
	{
		"id": 4,
		"state": "Development Complete"
	},
	{
		"id": 5,
		"state": "Unit Test"
	},
	{
		"id": 6,
		"state": "Integration Test"
	},
	{
		"id": 7,
		"state": "Tests Passed"
	},
	{
		"id": 8,
		"state": "Documentation"
	},
	{
		"id": 9,
		"state": "Deployed"
	},
	{
		"id": 10,
		"state": "Closed"
	},
	{
		"id": 11,
		"state": "Deleted"
	}
]}
