{"status":"success","n_rows":1,"data":[
	{
		"Id": "518e4c41-b4e2-42a9-a8bf-61ccd9446db0",
		"Title": "title",
		"Body": "bod",
		"State": "Created",
		"State_id": 1,
		"Severity": "Unknown",
		"Severity_id": 1,
		"Updated": null,
		"Created": "2022-03-05T15:53:24.504676Z",
		"n_rows_note": 3,
		"note": [
			{
				"Id": "e9af8538-04e3-48df-56c5-45ebd7d567d6",
				"Issue_id": "518e4c41-b4e2-42a9-a8bf-61ccd9446db0",
				"Seq": 16,
				"Title": "Note1",
				"Body": "NoteBody1"
			},
			{
				"Id": "a1ccda67-fd1a-45f8-496f-7c0de2722866",
				"Issue_id": "518e4c41-b4e2-42a9-a8bf-61ccd9446db0",
				"Seq": 17,
				"Title": "Note2",
				"Body": "NoteBody2"
			},
			{
				"Id": "4118ded0-58a6-4b21-7541-6ff54756b9b8",
				"Issue_id": "518e4c41-b4e2-42a9-a8bf-61ccd9446db0",
				"Seq": 18,
				"Title": "Note3",
				"Body": "NoteBody3"
			}
		]
	}
]}
