[
	{
		"Id": "76941ec5-7566-4299-ab18-f5a0f1bd9544",
		"Title": "AibTitle",
		"Body": "My Body",
		"State": "Created",
		"State_id": 1,
		"Severity": "Minor",
		"Severity_id": 3,
		"Updated": null,
		"Created": "2021-03-18T11:43:57.38853Z",
		"Words": "'aibtitl':1A 'bodi':3B"
	},
	{
		"Id": "9d6d795c-278d-4ff7-9f83-306c580d5948",
		"Title": "AibTitle",
		"Body": "My Body",
		"State": "Created",
		"State_id": 1,
		"Severity": "Minor",
		"Severity_id": 3,
		"Updated": null,
		"Created": "2021-03-18T11:34:15.77678Z",
		"Words": "'aibtitl':1A 'bodi':3B"
	},
	{
		"Id": "9271fe73-afb8-4690-a3c5-30318879a4f5",
		"Title": "ATitle",
		"Body": "My Body",
		"State": "Created",
		"State_id": 1,
		"Severity": "Minor",
		"Severity_id": 3,
		"Updated": null,
		"Created": "2021-03-18T10:34:07.4062Z",
		"Words": "'atitl':1A 'bodi':3B"
	},
	{
		"Id": "a270851a-de6c-4a4f-b533-9146f8186d0e",
		"Title": "ATitle",
		"Body": "My Body",
		"State": "Created",
		"State_id": 1,
		"Severity": "Minor",
		"Severity_id": 3,
		"Updated": null,
		"Created": "2021-03-18T10:33:26.62774Z",
		"Words": "'atitl':1A 'bodi':3B"
	},
	{
		"Id": "55cb20b9-0ead-45fd-85ca-23dc3c7d331c",
		"Title": "ATitle",
		"Body": "My Body",
		"State": "Created",
		"State_id": 1,
		"Severity": "Minor",
		"Severity_id": 3,
		"Updated": null,
		"Created": "2021-03-18T10:29:36.93826Z",
		"Words": "'atitl':1A 'bodi':3B"
	}
]
